<?xml version="1.0" encoding="UTF-8"?>
<coverage generated="1669443505316" clover="3.2.0">
  <project timestamp="1669443505316" name="All files">
    <metrics statements="7" coveredstatements="7" conditionals="7" coveredconditionals="5" methods="3" coveredmethods="3" elements="17" coveredelements="15" complexity="0" loc="7" ncloc="7" packages="2" files="2" classes="2"/>
    <package name="components">
      <metrics statements="5" coveredstatements="5" conditionals="4" coveredconditionals="2" methods="1" coveredmethods="1"/>
      <file name="HomeContainer.jsx" path="/Users/oczanemriveramathieu/Documents/Projects/Node/hacker-news-clone-vite/src/components/HomeContainer.jsx">
        <metrics statements="5" coveredstatements="5" conditionals="4" coveredconditionals="2" methods="1" coveredmethods="1"/>
        <line num="10" count="1" type="stmt"/>
        <line num="11" count="1" type="stmt"/>
        <line num="13" count="1" type="stmt"/>
        <line num="15" count="1" type="cond" truecount="1" falsecount="1"/>
        <line num="19" count="1" type="cond" truecount="1" falsecount="1"/>
      </file>
    </package>
    <package name="utils">
      <metrics statements="2" coveredstatements="2" conditionals="3" coveredconditionals="3" methods="2" coveredmethods="2"/>
      <file name="testUtils.js" path="/Users/oczanemriveramathieu/Documents/Projects/Node/hacker-news-clone-vite/src/utils/testUtils.js">
        <metrics statements="2" coveredstatements="2" conditionals="3" coveredconditionals="3" methods="2" coveredmethods="2"/>
        <line num="18" count="1" type="stmt"/>
        <line num="20" count="1" type="stmt"/>
      </file>
    </package>
  </project>
</coverage>
