{"/Users/oczanemriveramathieu/Documents/Projects/Node/hacker-news-clone-vite/src/components/HomeContainer.jsx": {"path":"/Users/oczanemriveramathieu/Documents/Projects/Node/hacker-news-clone-vite/src/components/HomeContainer.jsx","statementMap":{"0":{"start":{"line":10,"column":22},"end":{"line":28,"column":1}},"1":{"start":{"line":11,"column":36},"end":{"line":11,"column":54}},"2":{"start":{"line":13,"column":4},"end":{"line":13,"column":59}},"3":{"start":{"line":15,"column":4},"end":{"line":17,"column":42}},"4":{"start":{"line":19,"column":2},"end":{"line":27,"column":3}}},"fnMap":{"0":{"name":"(anonymous_0)","decl":{"start":{"line":10,"column":22},"end":{"line":10,"column":23}},"loc":{"start":{"line":10,"column":28},"end":{"line":28,"column":1}},"line":10}},"branchMap":{"0":{"loc":{"start":{"line":15,"column":4},"end":{"line":17,"column":42}},"type":"cond-expr","locations":[{"start":{"line":16,"column":8},"end":{"line":16,"column":39}},{"start":{"line":17,"column":8},"end":{"line":17,"column":42}}],"line":15},"1":{"loc":{"start":{"line":19,"column":9},"end":{"line":27,"column":3}},"type":"cond-expr","locations":[{"start":{"line":20,"column":4},"end":{"line":20,"column":13}},{"start":{"line":22,"column":4},"end":{"line":26,"column":6}}],"line":19}},"s":{"0":1,"1":1,"2":1,"3":1,"4":1},"f":{"0":1},"b":{"0":[0,1],"1":[1,0]},"_coverageSchema":"1a1c01bbd47fc00a2c39e90264f33305004495a9","hash":"36f04f49d71b582dab490db81d29877eb4c67c0d"}
,"/Users/oczanemriveramathieu/Documents/Projects/Node/hacker-news-clone-vite/src/utils/testUtils.js": {"path":"/Users/oczanemriveramathieu/Documents/Projects/Node/hacker-news-clone-vite/src/utils/testUtils.js","statementMap":{"0":{"start":{"line":18,"column":4},"end":{"line":18,"column":56}},"1":{"start":{"line":20,"column":2},"end":{"line":20,"column":73}}},"fnMap":{"0":{"name":"renderWithProviders","decl":{"start":{"line":7,"column":16},"end":{"line":7,"column":35}},"loc":{"start":{"line":15,"column":2},"end":{"line":21,"column":1}},"line":15},"1":{"name":"Wrapper","decl":{"start":{"line":17,"column":11},"end":{"line":17,"column":18}},"loc":{"start":{"line":17,"column":33},"end":{"line":19,"column":3}},"line":17}},"branchMap":{"0":{"loc":{"start":{"line":9,"column":2},"end":{"line":14,"column":8}},"type":"default-arg","locations":[{"start":{"line":14,"column":6},"end":{"line":14,"column":8}}],"line":9},"1":{"loc":{"start":{"line":10,"column":4},"end":{"line":10,"column":23}},"type":"default-arg","locations":[{"start":{"line":10,"column":21},"end":{"line":10,"column":23}}],"line":10},"2":{"loc":{"start":{"line":12,"column":4},"end":{"line":12,"column":38}},"type":"default-arg","locations":[{"start":{"line":12,"column":12},"end":{"line":12,"column":38}}],"line":12}},"s":{"0":1,"1":1},"f":{"0":1,"1":1},"b":{"0":[1],"1":[1],"2":[1]},"_coverageSchema":"1a1c01bbd47fc00a2c39e90264f33305004495a9","hash":"f932149332bbcd0c1cd6e0a18d4c2e0829250080"}
}
